-------------------------------------------------------------------------------
Test set: models.SightingTest
-------------------------------------------------------------------------------
Tests run: 7, Failures: 0, Errors: 2, Skipped: 0, Time elapsed: 0.145 sec <<< FAILURE!
equals1(models.SightingTest)  Time elapsed: 0.033 sec  <<< ERROR!
org.sql2o.Sql2oException: Could not map sighted_at to any property.
	at org.sql2o.DefaultResultSetHandlerFactory.newResultSetHandler0(DefaultResultSetHandlerFactory.java:156)
	at org.sql2o.DefaultResultSetHandlerFactory.access$200(DefaultResultSetHandlerFactory.java:16)
	at org.sql2o.DefaultResultSetHandlerFactory$3.evaluate(DefaultResultSetHandlerFactory.java:118)
	at org.sql2o.DefaultResultSetHandlerFactory$3.evaluate(DefaultResultSetHandlerFactory.java:114)
	at org.sql2o.tools.AbstractCache.get(AbstractCache.java:49)
	at org.sql2o.DefaultResultSetHandlerFactory.newResultSetHandler(DefaultResultSetHandlerFactory.java:131)
	at org.sql2o.PojoResultSetIterator.<init>(PojoResultSetIterator.java:21)
	at org.sql2o.Query$10.iterator(Query.java:414)
	at org.sql2o.Query.executeAndFetchFirst(Query.java:481)
	at org.sql2o.Query.executeAndFetchFirst(Query.java:469)
	at models.Sighting.findAnimalById(Sighting.java:105)
	at models.SightingTest.equals1(SightingTest.java:34)
	at java.base/jdk.internal.reflect.NativeMethodAccessorImpl.invoke0(Native Method)
	at java.base/jdk.internal.reflect.NativeMethodAccessorImpl.invoke(NativeMethodAccessorImpl.java:62)
	at java.base/jdk.internal.reflect.DelegatingMethodAccessorImpl.invoke(DelegatingMethodAccessorImpl.java:43)
	at java.base/java.lang.reflect.Method.invoke(Method.java:566)
	at org.junit.runners.model.FrameworkMethod$1.runReflectiveCall(FrameworkMethod.java:50)
	at org.junit.internal.runners.model.ReflectiveCallable.run(ReflectiveCallable.java:12)
	at org.junit.runners.model.FrameworkMethod.invokeExplosively(FrameworkMethod.java:47)
	at org.junit.internal.runners.statements.InvokeMethod.evaluate(InvokeMethod.java:17)
	at org.junit.runners.ParentRunner.runLeaf(ParentRunner.java:325)
	at org.junit.runners.BlockJUnit4ClassRunner.runChild(BlockJUnit4ClassRunner.java:78)
	at org.junit.runners.BlockJUnit4ClassRunner.runChild(BlockJUnit4ClassRunner.java:57)
	at org.junit.runners.ParentRunner$3.run(ParentRunner.java:290)
	at org.junit.runners.ParentRunner$1.schedule(ParentRunner.java:71)
	at org.junit.runners.ParentRunner.runChildren(ParentRunner.java:288)
	at org.junit.runners.ParentRunner.access$000(ParentRunner.java:58)
	at org.junit.runners.ParentRunner$2.evaluate(ParentRunner.java:268)
	at org.junit.runners.ParentRunner.run(ParentRunner.java:363)
	at org.apache.maven.surefire.junit4.JUnit4Provider.execute(JUnit4Provider.java:252)
	at org.apache.maven.surefire.junit4.JUnit4Provider.executeTestSet(JUnit4Provider.java:141)
	at org.apache.maven.surefire.junit4.JUnit4Provider.invoke(JUnit4Provider.java:112)
	at java.base/jdk.internal.reflect.NativeMethodAccessorImpl.invoke0(Native Method)
	at java.base/jdk.internal.reflect.NativeMethodAccessorImpl.invoke(NativeMethodAccessorImpl.java:62)
	at java.base/jdk.internal.reflect.DelegatingMethodAccessorImpl.invoke(DelegatingMethodAccessorImpl.java:43)
	at java.base/java.lang.reflect.Method.invoke(Method.java:566)
	at org.apache.maven.surefire.util.ReflectionUtils.invokeMethodWithArray(ReflectionUtils.java:189)
	at org.apache.maven.surefire.booter.ProviderFactory$ProviderProxy.invoke(ProviderFactory.java:165)
	at org.apache.maven.surefire.booter.ProviderFactory.invokeProvider(ProviderFactory.java:85)
	at org.apache.maven.surefire.booter.ForkedBooter.runSuitesInProcess(ForkedBooter.java:115)
	at org.apache.maven.surefire.booter.ForkedBooter.main(ForkedBooter.java:75)

findAnimalById(models.SightingTest)  Time elapsed: 0.036 sec  <<< ERROR!
org.sql2o.Sql2oException: Could not map sighted_at to any property.
	at org.sql2o.DefaultResultSetHandlerFactory.newResultSetHandler0(DefaultResultSetHandlerFactory.java:156)
	at org.sql2o.DefaultResultSetHandlerFactory.access$200(DefaultResultSetHandlerFactory.java:16)
	at org.sql2o.DefaultResultSetHandlerFactory$3.evaluate(DefaultResultSetHandlerFactory.java:118)
	at org.sql2o.DefaultResultSetHandlerFactory$3.evaluate(DefaultResultSetHandlerFactory.java:114)
	at org.sql2o.tools.AbstractCache.get(AbstractCache.java:49)
	at org.sql2o.DefaultResultSetHandlerFactory.newResultSetHandler(DefaultResultSetHandlerFactory.java:131)
	at org.sql2o.PojoResultSetIterator.<init>(PojoResultSetIterator.java:21)
	at org.sql2o.Query$10.iterator(Query.java:414)
	at org.sql2o.Query.executeAndFetchFirst(Query.java:481)
	at org.sql2o.Query.executeAndFetchFirst(Query.java:469)
	at models.Sighting.findAnimalById(Sighting.java:105)
	at models.SightingTest.findAnimalById(SightingTest.java:51)
	at java.base/jdk.internal.reflect.NativeMethodAccessorImpl.invoke0(Native Method)
	at java.base/jdk.internal.reflect.NativeMethodAccessorImpl.invoke(NativeMethodAccessorImpl.java:62)
	at java.base/jdk.internal.reflect.DelegatingMethodAccessorImpl.invoke(DelegatingMethodAccessorImpl.java:43)
	at java.base/java.lang.reflect.Method.invoke(Method.java:566)
	at org.junit.runners.model.FrameworkMethod$1.runReflectiveCall(FrameworkMethod.java:50)
	at org.junit.internal.runners.model.ReflectiveCallable.run(ReflectiveCallable.java:12)
	at org.junit.runners.model.FrameworkMethod.invokeExplosively(FrameworkMethod.java:47)
	at org.junit.internal.runners.statements.InvokeMethod.evaluate(InvokeMethod.java:17)
	at org.junit.runners.ParentRunner.runLeaf(ParentRunner.java:325)
	at org.junit.runners.BlockJUnit4ClassRunner.runChild(BlockJUnit4ClassRunner.java:78)
	at org.junit.runners.BlockJUnit4ClassRunner.runChild(BlockJUnit4ClassRunner.java:57)
	at org.junit.runners.ParentRunner$3.run(ParentRunner.java:290)
	at org.junit.runners.ParentRunner$1.schedule(ParentRunner.java:71)
	at org.junit.runners.ParentRunner.runChildren(ParentRunner.java:288)
	at org.junit.runners.ParentRunner.access$000(ParentRunner.java:58)
	at org.junit.runners.ParentRunner$2.evaluate(ParentRunner.java:268)
	at org.junit.runners.ParentRunner.run(ParentRunner.java:363)
	at org.apache.maven.surefire.junit4.JUnit4Provider.execute(JUnit4Provider.java:252)
	at org.apache.maven.surefire.junit4.JUnit4Provider.executeTestSet(JUnit4Provider.java:141)
	at org.apache.maven.surefire.junit4.JUnit4Provider.invoke(JUnit4Provider.java:112)
	at java.base/jdk.internal.reflect.NativeMethodAccessorImpl.invoke0(Native Method)
	at java.base/jdk.internal.reflect.NativeMethodAccessorImpl.invoke(NativeMethodAccessorImpl.java:62)
	at java.base/jdk.internal.reflect.DelegatingMethodAccessorImpl.invoke(DelegatingMethodAccessorImpl.java:43)
	at java.base/java.lang.reflect.Method.invoke(Method.java:566)
	at org.apache.maven.surefire.util.ReflectionUtils.invokeMethodWithArray(ReflectionUtils.java:189)
	at org.apache.maven.surefire.booter.ProviderFactory$ProviderProxy.invoke(ProviderFactory.java:165)
	at org.apache.maven.surefire.booter.ProviderFactory.invokeProvider(ProviderFactory.java:85)
	at org.apache.maven.surefire.booter.ForkedBooter.runSuitesInProcess(ForkedBooter.java:115)
	at org.apache.maven.surefire.booter.ForkedBooter.main(ForkedBooter.java:75)

